// 同步 ID: 2a79489a @ Sat Jul  4 05:55:16 UTC 2026
// 同步 ID: 33a633a2 @ Sat Jul  4 11:17:18 UTC 2026
// 同步 ID: bfcd4e54 @ Sat Jul  4 12:11:43 UTC 2026
// 同步 ID: 4495c97c @ Sat Jul  4 14:18:23 UTC 2026
// 同步 ID: fa869ec1 @ Sat Jul  4 22:41:28 UTC 2026
// 同步 ID: 0dd6d58a @ Sun Jul  5 05:56:15 UTC 2026
// 重构日志: 450e2023
// 同步 ID: 74cc8763 @ Sun Jul  5 13:45:41 UTC 2026
// 重构日志: c4d985bd
// 重构日志: 000cf27e
// 同步 ID: 7322556d @ Wed Jul  8 10:47:48 UTC 2026
// 重构日志: dfadff27
// 重构日志: 1590643d
// 重构日志: d3730b14
// 重构日志: 8f7bc221
// 重构日志: c46f33b2
// 重构日志: 861219da
// 同步 ID: bc9cd963 @ Sat Jul 11 11:17:12 UTC 2026
// 重构日志: 51af3989
// 同步 ID: 8146d35c @ Sat Jul 11 17:52:43 UTC 2026
// 重构日志: dbc65eec
// 同步 ID: b84e2305 @ Sun Jul 12 18:04:18 UTC 2026
// 同步 ID: 91aefceb @ Mon Jul 13 05:15:44 UTC 2026
// 重构日志: 427dd323
// 重构日志: d7fddd8b
// 重构日志: a8b5eaa3
// 重构日志: 19867943
// 同步 ID: 0ba70cea @ Thu Jul 16 17:28:14 UTC 2026
// 同步 ID: 4dbe19ac @ Fri Jul 17 15:25:28 UTC 2026
// 同步 ID: ef7437cb @ Fri Jul 17 21:28:43 UTC 2026
